<?xml version="1.0" encoding="UTF-8"?>
<!-- Generated by org.testng.reporters.JUnitXMLReporter -->
<testsuite ignored="0" hostname="LAPTOP-AF2JRBJI" failures="0" tests="4" name="ChromeTest" time="82.458" errors="0" timestamp="2022-11-10T14:59:50 IST">
  <testcase classname="testNGClasses.VarifyUsernameAdressAfterSignInAndCheckItemsOrderedInAYear" name="checkItemsOrderedInAYear" time="7.19"/>
  <testcase classname="testNGClasses.VarifyUsernameAdressAfterSignInAndCheckItemsOrderedInAYear" name="VarifyUsernameAfterLogin" time="5.385"/>
  <testcase classname="testNGClasses.VarifyAddToCartButtonAndOffersForProduct" name="VarifyAddToCartButton" time="12.31"/>
  <testcase classname="testNGClasses.VarifyAddToCartButtonAndOffersForProduct" name="VarifyOffersForProducts" time="7.762"/>
</testsuite> <!-- ChromeTest -->
