<?xml version="1.0" encoding="UTF-8"?>
<!-- Generated by org.testng.reporters.JUnitXMLReporter -->
<testsuite ignored="0" hostname="LAPTOP-AF2JRBJI" failures="0" tests="4" name="ChromeTest" time="87.231" errors="0" timestamp="2022-11-07T14:16:04 IST">
  <testcase classname="testNGClasses.VarifyUsernameAdressAfterSignInAndCheckItemsOrderedInAYear" name="checkItemsOrderedInAYear" time="5.786"/>
  <testcase classname="testNGClasses.VarifyUsernameAdressAfterSignInAndCheckItemsOrderedInAYear" name="VarifyUsernameAfterLogin" time="3.237"/>
  <testcase classname="testNGClasses.VarifyAddToCartButtonAndOffersForProduct" name="VarifyAddToCartButton" time="12.195"/>
  <testcase classname="testNGClasses.VarifyAddToCartButtonAndOffersForProduct" name="VarifyOffersForProducts" time="28.039"/>
</testsuite> <!-- ChromeTest -->
