<?xml version="1.0" encoding="UTF-8"?>
<!-- Generated by org.testng.reporters.JUnitXMLReporter -->
<testsuite ignored="0" hostname="LAPTOP-AF2JRBJI" failures="0" tests="4" name="EdgeTest" time="61.358" errors="0" timestamp="2022-11-07T14:14:36 IST">
  <testcase classname="testNGClasses.VarifyUsernameAdressAfterSignInAndCheckItemsOrderedInAYear" name="checkItemsOrderedInAYear" time="5.996"/>
  <testcase classname="testNGClasses.VarifyUsernameAdressAfterSignInAndCheckItemsOrderedInAYear" name="VarifyUsernameAfterLogin" time="3.575"/>
  <testcase classname="testNGClasses.VarifyAddToCartButtonAndOffersForProduct" name="VarifyAddToCartButton" time="11.478"/>
  <testcase classname="testNGClasses.VarifyAddToCartButtonAndOffersForProduct" name="VarifyOffersForProducts" time="7.054"/>
</testsuite> <!-- EdgeTest -->
