<?xml version="1.0" encoding="UTF-8"?>
<testng-results ignored="0" total="8" passed="8" failed="0" skipped="0">
  <reporter-output>
  </reporter-output>
  <suite started-at="2022-11-10T14:57:05 IST" name="RegressionSuit" finished-at="2022-11-10T14:59:50 IST" duration-ms="164537">
    <groups>
      <group name="Sanity">
        <method signature="VarifyAddToCartButtonAndOffersForProduct.VarifyAddToCartButton()[pri:0, instance:testNGClasses.VarifyAddToCartButtonAndOffersForProduct@4d154ccd]" name="VarifyAddToCartButton" class="testNGClasses.VarifyAddToCartButtonAndOffersForProduct"/>
        <method signature="VarifyAddToCartButtonAndOffersForProduct.VarifyAddToCartButton()[pri:0, instance:testNGClasses.VarifyAddToCartButtonAndOffersForProduct@7ef82753]" name="VarifyAddToCartButton" class="testNGClasses.VarifyAddToCartButtonAndOffersForProduct"/>
      </group> <!-- Sanity -->
      <group name="Smoke">
        <method signature="VarifyAddToCartButtonAndOffersForProduct.VarifyOffersForProducts()[pri:0, instance:testNGClasses.VarifyAddToCartButtonAndOffersForProduct@4d154ccd]" name="VarifyOffersForProducts" class="testNGClasses.VarifyAddToCartButtonAndOffersForProduct"/>
        <method signature="VarifyAddToCartButtonAndOffersForProduct.VarifyOffersForProducts()[pri:0, instance:testNGClasses.VarifyAddToCartButtonAndOffersForProduct@7ef82753]" name="VarifyOffersForProducts" class="testNGClasses.VarifyAddToCartButtonAndOffersForProduct"/>
      </group> <!-- Smoke -->
    </groups>
    <test started-at="2022-11-10T14:57:05 IST" name="EdgeTest" finished-at="2022-11-10T14:58:28 IST" duration-ms="82037">
      <class name="testNGClasses.VarifyAddToCartButtonAndOffersForProduct">
        <test-method is-config="true" signature="launchBrowser(java.lang.String)[pri:0, instance:testNGClasses.VarifyAddToCartButtonAndOffersForProduct@4d154ccd]" started-at="2022-11-10T14:57:05 IST" name="launchBrowser" finished-at="2022-11-10T14:57:09 IST" duration-ms="3112" status="PASS">
          <params>
            <param index="0">
              <value>
                <![CDATA[Edge]]>
              </value>
            </param>
          </params>
          <reporter-output>
          </reporter-output>
        </test-method> <!-- launchBrowser -->
        <test-method is-config="true" signature="createPOMObjects()[pri:0, instance:testNGClasses.VarifyAddToCartButtonAndOffersForProduct@4d154ccd]" started-at="2022-11-10T14:57:11 IST" name="createPOMObjects" finished-at="2022-11-10T14:57:11 IST" duration-ms="28" status="PASS">
          <reporter-output>
          </reporter-output>
        </test-method> <!-- createPOMObjects -->
        <test-method is-config="true" signature="selectProductYouWantToAdd()[pri:0, instance:testNGClasses.VarifyAddToCartButtonAndOffersForProduct@4d154ccd]" started-at="2022-11-10T14:57:11 IST" name="selectProductYouWantToAdd" finished-at="2022-11-10T14:57:35 IST" duration-ms="24179" status="PASS">
          <reporter-output>
          </reporter-output>
        </test-method> <!-- selectProductYouWantToAdd -->
        <test-method signature="VarifyAddToCartButton()[pri:0, instance:testNGClasses.VarifyAddToCartButtonAndOffersForProduct@4d154ccd]" started-at="2022-11-10T14:57:35 IST" name="VarifyAddToCartButton" finished-at="2022-11-10T14:57:50 IST" duration-ms="14849" status="PASS">
          <reporter-output>
          </reporter-output>
        </test-method> <!-- VarifyAddToCartButton -->
        <test-method is-config="true" signature="closeTheTabAndLogOut(org.testng.ITestResult)[pri:0, instance:testNGClasses.VarifyAddToCartButtonAndOffersForProduct@4d154ccd]" started-at="2022-11-10T14:57:50 IST" name="closeTheTabAndLogOut" finished-at="2022-11-10T14:57:56 IST" duration-ms="5624" status="PASS">
          <params>
            <param index="0">
              <value>
                <![CDATA[[TestResult name=VarifyAddToCartButton status=SUCCESS method=VarifyAddToCartButtonAndOffersForProduct.VarifyAddToCartButton()[pri:0, instance:testNGClasses.VarifyAddToCartButtonAndOffersForProduct@4d154ccd] output={null}]]]>
              </value>
            </param>
          </params>
          <reporter-output>
          </reporter-output>
        </test-method> <!-- closeTheTabAndLogOut -->
        <test-method is-config="true" signature="selectProductYouWantToAdd()[pri:0, instance:testNGClasses.VarifyAddToCartButtonAndOffersForProduct@4d154ccd]" started-at="2022-11-10T14:57:56 IST" name="selectProductYouWantToAdd" finished-at="2022-11-10T14:58:10 IST" duration-ms="14528" status="PASS">
          <reporter-output>
          </reporter-output>
        </test-method> <!-- selectProductYouWantToAdd -->
        <test-method signature="VarifyOffersForProducts()[pri:0, instance:testNGClasses.VarifyAddToCartButtonAndOffersForProduct@4d154ccd]" started-at="2022-11-10T14:58:10 IST" name="VarifyOffersForProducts" finished-at="2022-11-10T14:58:21 IST" duration-ms="10945" status="PASS">
          <reporter-output>
          </reporter-output>
        </test-method> <!-- VarifyOffersForProducts -->
        <test-method is-config="true" signature="closeTheTabAndLogOut(org.testng.ITestResult)[pri:0, instance:testNGClasses.VarifyAddToCartButtonAndOffersForProduct@4d154ccd]" started-at="2022-11-10T14:58:21 IST" name="closeTheTabAndLogOut" finished-at="2022-11-10T14:58:27 IST" duration-ms="5739" status="PASS">
          <params>
            <param index="0">
              <value>
                <![CDATA[[TestResult name=VarifyOffersForProducts status=SUCCESS method=VarifyAddToCartButtonAndOffersForProduct.VarifyOffersForProducts()[pri:0, instance:testNGClasses.VarifyAddToCartButtonAndOffersForProduct@4d154ccd] output={null}]]]>
              </value>
            </param>
          </params>
          <reporter-output>
          </reporter-output>
        </test-method> <!-- closeTheTabAndLogOut -->
        <test-method is-config="true" signature="closeTheBrowser()[pri:0, instance:testNGClasses.VarifyAddToCartButtonAndOffersForProduct@4d154ccd]" started-at="2022-11-10T14:58:27 IST" name="closeTheBrowser" finished-at="2022-11-10T14:58:27 IST" duration-ms="244" status="PASS">
          <reporter-output>
          </reporter-output>
        </test-method> <!-- closeTheBrowser -->
      </class> <!-- testNGClasses.VarifyAddToCartButtonAndOffersForProduct -->
      <class name="testNGClasses.VarifyUsernameAdressAfterSignInAndCheckItemsOrderedInAYear">
        <test-method is-config="true" signature="launchBrowser(java.lang.String)[pri:0, instance:testNGClasses.VarifyUsernameAdressAfterSignInAndCheckItemsOrderedInAYear@41a0aa7d]" started-at="2022-11-10T14:57:09 IST" name="launchBrowser" finished-at="2022-11-10T14:57:11 IST" duration-ms="2553" status="PASS">
          <params>
            <param index="0">
              <value>
                <![CDATA[Edge]]>
              </value>
            </param>
          </params>
          <reporter-output>
          </reporter-output>
        </test-method> <!-- launchBrowser -->
        <test-method is-config="true" signature="createPOMObjects()[pri:0, instance:testNGClasses.VarifyUsernameAdressAfterSignInAndCheckItemsOrderedInAYear@41a0aa7d]" started-at="2022-11-10T14:57:11 IST" name="createPOMObjects" finished-at="2022-11-10T14:57:11 IST" duration-ms="27" status="PASS">
          <reporter-output>
          </reporter-output>
        </test-method> <!-- createPOMObjects -->
        <test-method is-config="true" signature="login()[pri:0, instance:testNGClasses.VarifyUsernameAdressAfterSignInAndCheckItemsOrderedInAYear@41a0aa7d]" started-at="2022-11-10T14:57:11 IST" name="login" finished-at="2022-11-10T14:57:22 IST" duration-ms="11182" status="PASS">
          <reporter-output>
          </reporter-output>
        </test-method> <!-- login -->
        <test-method signature="checkItemsOrderedInAYear()[pri:-1, instance:testNGClasses.VarifyUsernameAdressAfterSignInAndCheckItemsOrderedInAYear@41a0aa7d]" started-at="2022-11-10T14:57:22 IST" name="checkItemsOrderedInAYear" finished-at="2022-11-10T14:57:33 IST" duration-ms="10960" status="PASS">
          <reporter-output>
          </reporter-output>
        </test-method> <!-- checkItemsOrderedInAYear -->
        <test-method is-config="true" signature="logOut(org.testng.ITestResult)[pri:0, instance:testNGClasses.VarifyUsernameAdressAfterSignInAndCheckItemsOrderedInAYear@41a0aa7d]" started-at="2022-11-10T14:57:33 IST" name="logOut" finished-at="2022-11-10T14:57:35 IST" duration-ms="1691" status="PASS">
          <params>
            <param index="0">
              <value>
                <![CDATA[[TestResult name=checkItemsOrderedInAYear status=SUCCESS method=VarifyUsernameAdressAfterSignInAndCheckItemsOrderedInAYear.checkItemsOrderedInAYear()[pri:-1, instance:testNGClasses.VarifyUsernameAdressAfterSignInAndCheckItemsOrderedInAYear@41a0aa7d] output={null}]]]>
              </value>
            </param>
          </params>
          <reporter-output>
          </reporter-output>
        </test-method> <!-- logOut -->
        <test-method is-config="true" signature="login()[pri:0, instance:testNGClasses.VarifyUsernameAdressAfterSignInAndCheckItemsOrderedInAYear@41a0aa7d]" started-at="2022-11-10T14:57:35 IST" name="login" finished-at="2022-11-10T14:57:43 IST" duration-ms="7704" status="PASS">
          <reporter-output>
          </reporter-output>
        </test-method> <!-- login -->
        <test-method signature="VarifyUsernameAfterLogin()[pri:0, instance:testNGClasses.VarifyUsernameAdressAfterSignInAndCheckItemsOrderedInAYear@41a0aa7d]" started-at="2022-11-10T14:57:43 IST" name="VarifyUsernameAfterLogin" finished-at="2022-11-10T14:57:51 IST" duration-ms="8313" status="PASS">
          <reporter-output>
          </reporter-output>
        </test-method> <!-- VarifyUsernameAfterLogin -->
        <test-method is-config="true" signature="logOut(org.testng.ITestResult)[pri:0, instance:testNGClasses.VarifyUsernameAdressAfterSignInAndCheckItemsOrderedInAYear@41a0aa7d]" started-at="2022-11-10T14:57:51 IST" name="logOut" finished-at="2022-11-10T14:57:53 IST" duration-ms="2011" status="PASS">
          <params>
            <param index="0">
              <value>
                <![CDATA[[TestResult name=VarifyUsernameAfterLogin status=SUCCESS method=VarifyUsernameAdressAfterSignInAndCheckItemsOrderedInAYear.VarifyUsernameAfterLogin()[pri:0, instance:testNGClasses.VarifyUsernameAdressAfterSignInAndCheckItemsOrderedInAYear@41a0aa7d] output={null}]]]>
              </value>
            </param>
          </params>
          <reporter-output>
          </reporter-output>
        </test-method> <!-- logOut -->
        <test-method is-config="true" signature="nullobjectReferences()[pri:0, instance:testNGClasses.VarifyUsernameAdressAfterSignInAndCheckItemsOrderedInAYear@41a0aa7d]" started-at="2022-11-10T14:57:53 IST" name="nullobjectReferences" finished-at="2022-11-10T14:57:53 IST" duration-ms="0" status="PASS">
          <reporter-output>
          </reporter-output>
        </test-method> <!-- nullobjectReferences -->
        <test-method is-config="true" signature="closeTheBrowser()[pri:0, instance:testNGClasses.VarifyUsernameAdressAfterSignInAndCheckItemsOrderedInAYear@41a0aa7d]" started-at="2022-11-10T14:58:27 IST" name="closeTheBrowser" finished-at="2022-11-10T14:58:28 IST" duration-ms="206" status="PASS">
          <reporter-output>
          </reporter-output>
        </test-method> <!-- closeTheBrowser -->
      </class> <!-- testNGClasses.VarifyUsernameAdressAfterSignInAndCheckItemsOrderedInAYear -->
    </test> <!-- EdgeTest -->
    <test started-at="2022-11-10T14:58:28 IST" name="ChromeTest" finished-at="2022-11-10T14:59:50 IST" duration-ms="82458">
      <class name="testNGClasses.VarifyAddToCartButtonAndOffersForProduct">
        <test-method is-config="true" signature="launchBrowser(java.lang.String)[pri:0, instance:testNGClasses.VarifyAddToCartButtonAndOffersForProduct@7ef82753]" started-at="2022-11-10T14:58:28 IST" name="launchBrowser" finished-at="2022-11-10T14:58:30 IST" duration-ms="2039" status="PASS">
          <params>
            <param index="0">
              <value>
                <![CDATA[Chrome]]>
              </value>
            </param>
          </params>
          <reporter-output>
          </reporter-output>
        </test-method> <!-- launchBrowser -->
        <test-method is-config="true" signature="createPOMObjects()[pri:0, instance:testNGClasses.VarifyAddToCartButtonAndOffersForProduct@7ef82753]" started-at="2022-11-10T14:58:30 IST" name="createPOMObjects" finished-at="2022-11-10T14:58:30 IST" duration-ms="3" status="PASS">
          <reporter-output>
          </reporter-output>
        </test-method> <!-- createPOMObjects -->
        <test-method is-config="true" signature="selectProductYouWantToAdd()[pri:0, instance:testNGClasses.VarifyAddToCartButtonAndOffersForProduct@7ef82753]" started-at="2022-11-10T14:58:30 IST" name="selectProductYouWantToAdd" finished-at="2022-11-10T14:58:56 IST" duration-ms="25668" status="PASS">
          <reporter-output>
          </reporter-output>
        </test-method> <!-- selectProductYouWantToAdd -->
        <test-method signature="VarifyAddToCartButton()[pri:0, instance:testNGClasses.VarifyAddToCartButtonAndOffersForProduct@7ef82753]" started-at="2022-11-10T14:58:56 IST" name="VarifyAddToCartButton" finished-at="2022-11-10T14:59:08 IST" duration-ms="12310" status="PASS">
          <reporter-output>
          </reporter-output>
        </test-method> <!-- VarifyAddToCartButton -->
        <test-method is-config="true" signature="closeTheTabAndLogOut(org.testng.ITestResult)[pri:0, instance:testNGClasses.VarifyAddToCartButtonAndOffersForProduct@7ef82753]" started-at="2022-11-10T14:59:08 IST" name="closeTheTabAndLogOut" finished-at="2022-11-10T14:59:14 IST" duration-ms="5765" status="PASS">
          <params>
            <param index="0">
              <value>
                <![CDATA[[TestResult name=VarifyAddToCartButton status=SUCCESS method=VarifyAddToCartButtonAndOffersForProduct.VarifyAddToCartButton()[pri:0, instance:testNGClasses.VarifyAddToCartButtonAndOffersForProduct@7ef82753] output={null}]]]>
              </value>
            </param>
          </params>
          <reporter-output>
          </reporter-output>
        </test-method> <!-- closeTheTabAndLogOut -->
        <test-method is-config="true" signature="selectProductYouWantToAdd()[pri:0, instance:testNGClasses.VarifyAddToCartButtonAndOffersForProduct@7ef82753]" started-at="2022-11-10T14:59:14 IST" name="selectProductYouWantToAdd" finished-at="2022-11-10T14:59:28 IST" duration-ms="14125" status="PASS">
          <reporter-output>
          </reporter-output>
        </test-method> <!-- selectProductYouWantToAdd -->
        <test-method signature="VarifyOffersForProducts()[pri:0, instance:testNGClasses.VarifyAddToCartButtonAndOffersForProduct@7ef82753]" started-at="2022-11-10T14:59:28 IST" name="VarifyOffersForProducts" finished-at="2022-11-10T14:59:36 IST" duration-ms="7762" status="PASS">
          <reporter-output>
          </reporter-output>
        </test-method> <!-- VarifyOffersForProducts -->
        <test-method is-config="true" signature="closeTheTabAndLogOut(org.testng.ITestResult)[pri:0, instance:testNGClasses.VarifyAddToCartButtonAndOffersForProduct@7ef82753]" started-at="2022-11-10T14:59:36 IST" name="closeTheTabAndLogOut" finished-at="2022-11-10T14:59:42 IST" duration-ms="5729" status="PASS">
          <params>
            <param index="0">
              <value>
                <![CDATA[[TestResult name=VarifyOffersForProducts status=SUCCESS method=VarifyAddToCartButtonAndOffersForProduct.VarifyOffersForProducts()[pri:0, instance:testNGClasses.VarifyAddToCartButtonAndOffersForProduct@7ef82753] output={null}]]]>
              </value>
            </param>
          </params>
          <reporter-output>
          </reporter-output>
        </test-method> <!-- closeTheTabAndLogOut -->
        <test-method is-config="true" signature="closeTheBrowser()[pri:0, instance:testNGClasses.VarifyAddToCartButtonAndOffersForProduct@7ef82753]" started-at="2022-11-10T14:59:42 IST" name="closeTheBrowser" finished-at="2022-11-10T14:59:46 IST" duration-ms="4147" status="PASS">
          <reporter-output>
          </reporter-output>
        </test-method> <!-- closeTheBrowser -->
      </class> <!-- testNGClasses.VarifyAddToCartButtonAndOffersForProduct -->
      <class name="testNGClasses.VarifyUsernameAdressAfterSignInAndCheckItemsOrderedInAYear">
        <test-method is-config="true" signature="launchBrowser(java.lang.String)[pri:0, instance:testNGClasses.VarifyUsernameAdressAfterSignInAndCheckItemsOrderedInAYear@235ecd9f]" started-at="2022-11-10T14:58:30 IST" name="launchBrowser" finished-at="2022-11-10T14:58:30 IST" duration-ms="741" status="PASS">
          <params>
            <param index="0">
              <value>
                <![CDATA[Chrome]]>
              </value>
            </param>
          </params>
          <reporter-output>
          </reporter-output>
        </test-method> <!-- launchBrowser -->
        <test-method is-config="true" signature="createPOMObjects()[pri:0, instance:testNGClasses.VarifyUsernameAdressAfterSignInAndCheckItemsOrderedInAYear@235ecd9f]" started-at="2022-11-10T14:58:30 IST" name="createPOMObjects" finished-at="2022-11-10T14:58:30 IST" duration-ms="2" status="PASS">
          <reporter-output>
          </reporter-output>
        </test-method> <!-- createPOMObjects -->
        <test-method is-config="true" signature="login()[pri:0, instance:testNGClasses.VarifyUsernameAdressAfterSignInAndCheckItemsOrderedInAYear@235ecd9f]" started-at="2022-11-10T14:58:30 IST" name="login" finished-at="2022-11-10T14:58:43 IST" duration-ms="12274" status="PASS">
          <reporter-output>
          </reporter-output>
        </test-method> <!-- login -->
        <test-method signature="checkItemsOrderedInAYear()[pri:-1, instance:testNGClasses.VarifyUsernameAdressAfterSignInAndCheckItemsOrderedInAYear@235ecd9f]" started-at="2022-11-10T14:58:43 IST" name="checkItemsOrderedInAYear" finished-at="2022-11-10T14:58:50 IST" duration-ms="7190" status="PASS">
          <reporter-output>
          </reporter-output>
        </test-method> <!-- checkItemsOrderedInAYear -->
        <test-method is-config="true" signature="logOut(org.testng.ITestResult)[pri:0, instance:testNGClasses.VarifyUsernameAdressAfterSignInAndCheckItemsOrderedInAYear@235ecd9f]" started-at="2022-11-10T14:58:50 IST" name="logOut" finished-at="2022-11-10T14:58:51 IST" duration-ms="1633" status="PASS">
          <params>
            <param index="0">
              <value>
                <![CDATA[[TestResult name=checkItemsOrderedInAYear status=SUCCESS method=VarifyUsernameAdressAfterSignInAndCheckItemsOrderedInAYear.checkItemsOrderedInAYear()[pri:-1, instance:testNGClasses.VarifyUsernameAdressAfterSignInAndCheckItemsOrderedInAYear@235ecd9f] output={null}]]]>
              </value>
            </param>
          </params>
          <reporter-output>
          </reporter-output>
        </test-method> <!-- logOut -->
        <test-method is-config="true" signature="login()[pri:0, instance:testNGClasses.VarifyUsernameAdressAfterSignInAndCheckItemsOrderedInAYear@235ecd9f]" started-at="2022-11-10T14:58:51 IST" name="login" finished-at="2022-11-10T14:58:57 IST" duration-ms="6023" status="PASS">
          <reporter-output>
          </reporter-output>
        </test-method> <!-- login -->
        <test-method signature="VarifyUsernameAfterLogin()[pri:0, instance:testNGClasses.VarifyUsernameAdressAfterSignInAndCheckItemsOrderedInAYear@235ecd9f]" started-at="2022-11-10T14:58:57 IST" name="VarifyUsernameAfterLogin" finished-at="2022-11-10T14:59:03 IST" duration-ms="5385" status="PASS">
          <reporter-output>
          </reporter-output>
        </test-method> <!-- VarifyUsernameAfterLogin -->
        <test-method is-config="true" signature="logOut(org.testng.ITestResult)[pri:0, instance:testNGClasses.VarifyUsernameAdressAfterSignInAndCheckItemsOrderedInAYear@235ecd9f]" started-at="2022-11-10T14:59:03 IST" name="logOut" finished-at="2022-11-10T14:59:05 IST" duration-ms="2169" status="PASS">
          <params>
            <param index="0">
              <value>
                <![CDATA[[TestResult name=VarifyUsernameAfterLogin status=SUCCESS method=VarifyUsernameAdressAfterSignInAndCheckItemsOrderedInAYear.VarifyUsernameAfterLogin()[pri:0, instance:testNGClasses.VarifyUsernameAdressAfterSignInAndCheckItemsOrderedInAYear@235ecd9f] output={null}]]]>
              </value>
            </param>
          </params>
          <reporter-output>
          </reporter-output>
        </test-method> <!-- logOut -->
        <test-method is-config="true" signature="nullobjectReferences()[pri:0, instance:testNGClasses.VarifyUsernameAdressAfterSignInAndCheckItemsOrderedInAYear@235ecd9f]" started-at="2022-11-10T14:59:05 IST" name="nullobjectReferences" finished-at="2022-11-10T14:59:05 IST" duration-ms="1" status="PASS">
          <reporter-output>
          </reporter-output>
        </test-method> <!-- nullobjectReferences -->
        <test-method is-config="true" signature="closeTheBrowser()[pri:0, instance:testNGClasses.VarifyUsernameAdressAfterSignInAndCheckItemsOrderedInAYear@235ecd9f]" started-at="2022-11-10T14:59:46 IST" name="closeTheBrowser" finished-at="2022-11-10T14:59:50 IST" duration-ms="4161" status="PASS">
          <reporter-output>
          </reporter-output>
        </test-method> <!-- closeTheBrowser -->
      </class> <!-- testNGClasses.VarifyUsernameAdressAfterSignInAndCheckItemsOrderedInAYear -->
    </test> <!-- ChromeTest -->
  </suite> <!-- RegressionSuit -->
</testng-results>
