<?xml version="1.0" encoding="UTF-8"?>
<testng-results ignored="0" total="8" passed="8" failed="0" skipped="0">
  <reporter-output>
  </reporter-output>
  <suite started-at="2022-11-07T14:13:35 IST" name="RegressionSuit" finished-at="2022-11-07T14:16:04 IST" duration-ms="148627">
    <groups>
      <group name="Sanity">
        <method signature="VarifyAddToCartButtonAndOffersForProduct.VarifyAddToCartButton()[pri:0, instance:testNGClasses.VarifyAddToCartButtonAndOffersForProduct@5e600dd5]" name="VarifyAddToCartButton" class="testNGClasses.VarifyAddToCartButtonAndOffersForProduct"/>
        <method signature="VarifyAddToCartButtonAndOffersForProduct.VarifyAddToCartButton()[pri:0, instance:testNGClasses.VarifyAddToCartButtonAndOffersForProduct@8f2ef19]" name="VarifyAddToCartButton" class="testNGClasses.VarifyAddToCartButtonAndOffersForProduct"/>
      </group> <!-- Sanity -->
      <group name="Smoke">
        <method signature="VarifyAddToCartButtonAndOffersForProduct.VarifyOffersForProducts()[pri:0, instance:testNGClasses.VarifyAddToCartButtonAndOffersForProduct@5e600dd5]" name="VarifyOffersForProducts" class="testNGClasses.VarifyAddToCartButtonAndOffersForProduct"/>
        <method signature="VarifyAddToCartButtonAndOffersForProduct.VarifyOffersForProducts()[pri:0, instance:testNGClasses.VarifyAddToCartButtonAndOffersForProduct@8f2ef19]" name="VarifyOffersForProducts" class="testNGClasses.VarifyAddToCartButtonAndOffersForProduct"/>
      </group> <!-- Smoke -->
    </groups>
    <test started-at="2022-11-07T14:13:35 IST" name="EdgeTest" finished-at="2022-11-07T14:14:36 IST" duration-ms="61358">
      <class name="testNGClasses.VarifyAddToCartButtonAndOffersForProduct">
        <test-method is-config="true" signature="launchBrowser(java.lang.String)[pri:0, instance:testNGClasses.VarifyAddToCartButtonAndOffersForProduct@5e600dd5]" started-at="2022-11-07T14:13:35 IST" name="launchBrowser" finished-at="2022-11-07T14:13:38 IST" duration-ms="2998" status="PASS">
          <params>
            <param index="0">
              <value>
                <![CDATA[Edge]]>
              </value>
            </param>
          </params>
          <reporter-output>
          </reporter-output>
        </test-method> <!-- launchBrowser -->
        <test-method is-config="true" signature="createPOMObjects()[pri:0, instance:testNGClasses.VarifyAddToCartButtonAndOffersForProduct@5e600dd5]" started-at="2022-11-07T14:13:41 IST" name="createPOMObjects" finished-at="2022-11-07T14:13:41 IST" duration-ms="31" status="PASS">
          <reporter-output>
          </reporter-output>
        </test-method> <!-- createPOMObjects -->
        <test-method is-config="true" signature="selectProductYouWantToAdd()[pri:0, instance:testNGClasses.VarifyAddToCartButtonAndOffersForProduct@5e600dd5]" started-at="2022-11-07T14:13:41 IST" name="selectProductYouWantToAdd" finished-at="2022-11-07T14:13:55 IST" duration-ms="14241" status="PASS">
          <reporter-output>
          </reporter-output>
        </test-method> <!-- selectProductYouWantToAdd -->
        <test-method signature="VarifyAddToCartButton()[pri:0, instance:testNGClasses.VarifyAddToCartButtonAndOffersForProduct@5e600dd5]" started-at="2022-11-07T14:13:55 IST" name="VarifyAddToCartButton" finished-at="2022-11-07T14:14:06 IST" duration-ms="11478" status="PASS">
          <reporter-output>
          </reporter-output>
        </test-method> <!-- VarifyAddToCartButton -->
        <test-method is-config="true" signature="closeTheTabAndLogOut(org.testng.ITestResult)[pri:0, instance:testNGClasses.VarifyAddToCartButtonAndOffersForProduct@5e600dd5]" started-at="2022-11-07T14:14:06 IST" name="closeTheTabAndLogOut" finished-at="2022-11-07T14:14:12 IST" duration-ms="5883" status="PASS">
          <params>
            <param index="0">
              <value>
                <![CDATA[[TestResult name=VarifyAddToCartButton status=SUCCESS method=VarifyAddToCartButtonAndOffersForProduct.VarifyAddToCartButton()[pri:0, instance:testNGClasses.VarifyAddToCartButtonAndOffersForProduct@5e600dd5] output={null}]]]>
              </value>
            </param>
          </params>
          <reporter-output>
          </reporter-output>
        </test-method> <!-- closeTheTabAndLogOut -->
        <test-method is-config="true" signature="selectProductYouWantToAdd()[pri:0, instance:testNGClasses.VarifyAddToCartButtonAndOffersForProduct@5e600dd5]" started-at="2022-11-07T14:14:12 IST" name="selectProductYouWantToAdd" finished-at="2022-11-07T14:14:23 IST" duration-ms="11173" status="PASS">
          <reporter-output>
          </reporter-output>
        </test-method> <!-- selectProductYouWantToAdd -->
        <test-method signature="VarifyOffersForProducts()[pri:0, instance:testNGClasses.VarifyAddToCartButtonAndOffersForProduct@5e600dd5]" started-at="2022-11-07T14:14:23 IST" name="VarifyOffersForProducts" finished-at="2022-11-07T14:14:30 IST" duration-ms="7054" status="PASS">
          <reporter-output>
          </reporter-output>
        </test-method> <!-- VarifyOffersForProducts -->
        <test-method is-config="true" signature="closeTheTabAndLogOut(org.testng.ITestResult)[pri:0, instance:testNGClasses.VarifyAddToCartButtonAndOffersForProduct@5e600dd5]" started-at="2022-11-07T14:14:30 IST" name="closeTheTabAndLogOut" finished-at="2022-11-07T14:14:36 IST" duration-ms="5616" status="PASS">
          <params>
            <param index="0">
              <value>
                <![CDATA[[TestResult name=VarifyOffersForProducts status=SUCCESS method=VarifyAddToCartButtonAndOffersForProduct.VarifyOffersForProducts()[pri:0, instance:testNGClasses.VarifyAddToCartButtonAndOffersForProduct@5e600dd5] output={null}]]]>
              </value>
            </param>
          </params>
          <reporter-output>
          </reporter-output>
        </test-method> <!-- closeTheTabAndLogOut -->
        <test-method is-config="true" signature="closeTheBrowser()[pri:0, instance:testNGClasses.VarifyAddToCartButtonAndOffersForProduct@5e600dd5]" started-at="2022-11-07T14:14:36 IST" name="closeTheBrowser" finished-at="2022-11-07T14:14:36 IST" duration-ms="153" status="PASS">
          <reporter-output>
          </reporter-output>
        </test-method> <!-- closeTheBrowser -->
      </class> <!-- testNGClasses.VarifyAddToCartButtonAndOffersForProduct -->
      <class name="testNGClasses.VarifyUsernameAdressAfterSignInAndCheckItemsOrderedInAYear">
        <test-method is-config="true" signature="launchBrowser(java.lang.String)[pri:0, instance:testNGClasses.VarifyUsernameAdressAfterSignInAndCheckItemsOrderedInAYear@2e6a8155]" started-at="2022-11-07T14:13:38 IST" name="launchBrowser" finished-at="2022-11-07T14:13:41 IST" duration-ms="2515" status="PASS">
          <params>
            <param index="0">
              <value>
                <![CDATA[Edge]]>
              </value>
            </param>
          </params>
          <reporter-output>
          </reporter-output>
        </test-method> <!-- launchBrowser -->
        <test-method is-config="true" signature="createPOMObjects()[pri:0, instance:testNGClasses.VarifyUsernameAdressAfterSignInAndCheckItemsOrderedInAYear@2e6a8155]" started-at="2022-11-07T14:13:41 IST" name="createPOMObjects" finished-at="2022-11-07T14:13:41 IST" duration-ms="30" status="PASS">
          <reporter-output>
          </reporter-output>
        </test-method> <!-- createPOMObjects -->
        <test-method is-config="true" signature="login()[pri:0, instance:testNGClasses.VarifyUsernameAdressAfterSignInAndCheckItemsOrderedInAYear@2e6a8155]" started-at="2022-11-07T14:13:41 IST" name="login" finished-at="2022-11-07T14:13:48 IST" duration-ms="7351" status="PASS">
          <reporter-output>
          </reporter-output>
        </test-method> <!-- login -->
        <test-method signature="checkItemsOrderedInAYear()[pri:-1, instance:testNGClasses.VarifyUsernameAdressAfterSignInAndCheckItemsOrderedInAYear@2e6a8155]" started-at="2022-11-07T14:13:48 IST" name="checkItemsOrderedInAYear" finished-at="2022-11-07T14:13:54 IST" duration-ms="5996" status="PASS">
          <reporter-output>
          </reporter-output>
        </test-method> <!-- checkItemsOrderedInAYear -->
        <test-method is-config="true" signature="logOut(org.testng.ITestResult)[pri:0, instance:testNGClasses.VarifyUsernameAdressAfterSignInAndCheckItemsOrderedInAYear@2e6a8155]" started-at="2022-11-07T14:13:54 IST" name="logOut" finished-at="2022-11-07T14:13:55 IST" duration-ms="1343" status="PASS">
          <params>
            <param index="0">
              <value>
                <![CDATA[[TestResult name=checkItemsOrderedInAYear status=SUCCESS method=VarifyUsernameAdressAfterSignInAndCheckItemsOrderedInAYear.checkItemsOrderedInAYear()[pri:-1, instance:testNGClasses.VarifyUsernameAdressAfterSignInAndCheckItemsOrderedInAYear@2e6a8155] output={null}]]]>
              </value>
            </param>
          </params>
          <reporter-output>
          </reporter-output>
        </test-method> <!-- logOut -->
        <test-method is-config="true" signature="login()[pri:0, instance:testNGClasses.VarifyUsernameAdressAfterSignInAndCheckItemsOrderedInAYear@2e6a8155]" started-at="2022-11-07T14:13:55 IST" name="login" finished-at="2022-11-07T14:14:00 IST" duration-ms="4773" status="PASS">
          <reporter-output>
          </reporter-output>
        </test-method> <!-- login -->
        <test-method signature="VarifyUsernameAfterLogin()[pri:0, instance:testNGClasses.VarifyUsernameAdressAfterSignInAndCheckItemsOrderedInAYear@2e6a8155]" started-at="2022-11-07T14:14:00 IST" name="VarifyUsernameAfterLogin" finished-at="2022-11-07T14:14:04 IST" duration-ms="3575" status="PASS">
          <reporter-output>
          </reporter-output>
        </test-method> <!-- VarifyUsernameAfterLogin -->
        <test-method is-config="true" signature="logOut(org.testng.ITestResult)[pri:0, instance:testNGClasses.VarifyUsernameAdressAfterSignInAndCheckItemsOrderedInAYear@2e6a8155]" started-at="2022-11-07T14:14:04 IST" name="logOut" finished-at="2022-11-07T14:14:05 IST" duration-ms="1374" status="PASS">
          <params>
            <param index="0">
              <value>
                <![CDATA[[TestResult name=VarifyUsernameAfterLogin status=SUCCESS method=VarifyUsernameAdressAfterSignInAndCheckItemsOrderedInAYear.VarifyUsernameAfterLogin()[pri:0, instance:testNGClasses.VarifyUsernameAdressAfterSignInAndCheckItemsOrderedInAYear@2e6a8155] output={null}]]]>
              </value>
            </param>
          </params>
          <reporter-output>
          </reporter-output>
        </test-method> <!-- logOut -->
        <test-method is-config="true" signature="nullobjectReferences()[pri:0, instance:testNGClasses.VarifyUsernameAdressAfterSignInAndCheckItemsOrderedInAYear@2e6a8155]" started-at="2022-11-07T14:14:05 IST" name="nullobjectReferences" finished-at="2022-11-07T14:14:05 IST" duration-ms="0" status="PASS">
          <reporter-output>
          </reporter-output>
        </test-method> <!-- nullobjectReferences -->
        <test-method is-config="true" signature="closeTheBrowser()[pri:0, instance:testNGClasses.VarifyUsernameAdressAfterSignInAndCheckItemsOrderedInAYear@2e6a8155]" started-at="2022-11-07T14:14:36 IST" name="closeTheBrowser" finished-at="2022-11-07T14:14:36 IST" duration-ms="184" status="PASS">
          <reporter-output>
          </reporter-output>
        </test-method> <!-- closeTheBrowser -->
      </class> <!-- testNGClasses.VarifyUsernameAdressAfterSignInAndCheckItemsOrderedInAYear -->
    </test> <!-- EdgeTest -->
    <test started-at="2022-11-07T14:14:36 IST" name="ChromeTest" finished-at="2022-11-07T14:16:04 IST" duration-ms="87231">
      <class name="testNGClasses.VarifyAddToCartButtonAndOffersForProduct">
        <test-method is-config="true" signature="launchBrowser(java.lang.String)[pri:0, instance:testNGClasses.VarifyAddToCartButtonAndOffersForProduct@8f2ef19]" started-at="2022-11-07T14:14:36 IST" name="launchBrowser" finished-at="2022-11-07T14:14:37 IST" duration-ms="910" status="PASS">
          <params>
            <param index="0">
              <value>
                <![CDATA[Chrome]]>
              </value>
            </param>
          </params>
          <reporter-output>
          </reporter-output>
        </test-method> <!-- launchBrowser -->
        <test-method is-config="true" signature="createPOMObjects()[pri:0, instance:testNGClasses.VarifyAddToCartButtonAndOffersForProduct@8f2ef19]" started-at="2022-11-07T14:14:38 IST" name="createPOMObjects" finished-at="2022-11-07T14:14:38 IST" duration-ms="2" status="PASS">
          <reporter-output>
          </reporter-output>
        </test-method> <!-- createPOMObjects -->
        <test-method is-config="true" signature="selectProductYouWantToAdd()[pri:0, instance:testNGClasses.VarifyAddToCartButtonAndOffersForProduct@8f2ef19]" started-at="2022-11-07T14:14:38 IST" name="selectProductYouWantToAdd" finished-at="2022-11-07T14:14:52 IST" duration-ms="13620" status="PASS">
          <reporter-output>
          </reporter-output>
        </test-method> <!-- selectProductYouWantToAdd -->
        <test-method signature="VarifyAddToCartButton()[pri:0, instance:testNGClasses.VarifyAddToCartButtonAndOffersForProduct@8f2ef19]" started-at="2022-11-07T14:14:52 IST" name="VarifyAddToCartButton" finished-at="2022-11-07T14:15:04 IST" duration-ms="12195" status="PASS">
          <reporter-output>
          </reporter-output>
        </test-method> <!-- VarifyAddToCartButton -->
        <test-method is-config="true" signature="closeTheTabAndLogOut(org.testng.ITestResult)[pri:0, instance:testNGClasses.VarifyAddToCartButtonAndOffersForProduct@8f2ef19]" started-at="2022-11-07T14:15:04 IST" name="closeTheTabAndLogOut" finished-at="2022-11-07T14:15:10 IST" duration-ms="5746" status="PASS">
          <params>
            <param index="0">
              <value>
                <![CDATA[[TestResult name=VarifyAddToCartButton status=SUCCESS method=VarifyAddToCartButtonAndOffersForProduct.VarifyAddToCartButton()[pri:0, instance:testNGClasses.VarifyAddToCartButtonAndOffersForProduct@8f2ef19] output={null}]]]>
              </value>
            </param>
          </params>
          <reporter-output>
          </reporter-output>
        </test-method> <!-- closeTheTabAndLogOut -->
        <test-method is-config="true" signature="selectProductYouWantToAdd()[pri:0, instance:testNGClasses.VarifyAddToCartButtonAndOffersForProduct@8f2ef19]" started-at="2022-11-07T14:15:10 IST" name="selectProductYouWantToAdd" finished-at="2022-11-07T14:15:21 IST" duration-ms="10859" status="PASS">
          <reporter-output>
          </reporter-output>
        </test-method> <!-- selectProductYouWantToAdd -->
        <test-method signature="VarifyOffersForProducts()[pri:0, instance:testNGClasses.VarifyAddToCartButtonAndOffersForProduct@8f2ef19]" started-at="2022-11-07T14:15:21 IST" name="VarifyOffersForProducts" finished-at="2022-11-07T14:15:49 IST" duration-ms="28039" status="PASS">
          <reporter-output>
          </reporter-output>
        </test-method> <!-- VarifyOffersForProducts -->
        <test-method is-config="true" signature="closeTheTabAndLogOut(org.testng.ITestResult)[pri:0, instance:testNGClasses.VarifyAddToCartButtonAndOffersForProduct@8f2ef19]" started-at="2022-11-07T14:15:49 IST" name="closeTheTabAndLogOut" finished-at="2022-11-07T14:15:55 IST" duration-ms="6713" status="PASS">
          <params>
            <param index="0">
              <value>
                <![CDATA[[TestResult name=VarifyOffersForProducts status=SUCCESS method=VarifyAddToCartButtonAndOffersForProduct.VarifyOffersForProducts()[pri:0, instance:testNGClasses.VarifyAddToCartButtonAndOffersForProduct@8f2ef19] output={null}]]]>
              </value>
            </param>
          </params>
          <reporter-output>
          </reporter-output>
        </test-method> <!-- closeTheTabAndLogOut -->
        <test-method is-config="true" signature="closeTheBrowser()[pri:0, instance:testNGClasses.VarifyAddToCartButtonAndOffersForProduct@8f2ef19]" started-at="2022-11-07T14:15:55 IST" name="closeTheBrowser" finished-at="2022-11-07T14:16:00 IST" duration-ms="4143" status="PASS">
          <reporter-output>
          </reporter-output>
        </test-method> <!-- closeTheBrowser -->
      </class> <!-- testNGClasses.VarifyAddToCartButtonAndOffersForProduct -->
      <class name="testNGClasses.VarifyUsernameAdressAfterSignInAndCheckItemsOrderedInAYear">
        <test-method is-config="true" signature="launchBrowser(java.lang.String)[pri:0, instance:testNGClasses.VarifyUsernameAdressAfterSignInAndCheckItemsOrderedInAYear@7674f035]" started-at="2022-11-07T14:14:37 IST" name="launchBrowser" finished-at="2022-11-07T14:14:38 IST" duration-ms="822" status="PASS">
          <params>
            <param index="0">
              <value>
                <![CDATA[Chrome]]>
              </value>
            </param>
          </params>
          <reporter-output>
          </reporter-output>
        </test-method> <!-- launchBrowser -->
        <test-method is-config="true" signature="createPOMObjects()[pri:0, instance:testNGClasses.VarifyUsernameAdressAfterSignInAndCheckItemsOrderedInAYear@7674f035]" started-at="2022-11-07T14:14:38 IST" name="createPOMObjects" finished-at="2022-11-07T14:14:38 IST" duration-ms="2" status="PASS">
          <reporter-output>
          </reporter-output>
        </test-method> <!-- createPOMObjects -->
        <test-method is-config="true" signature="login()[pri:0, instance:testNGClasses.VarifyUsernameAdressAfterSignInAndCheckItemsOrderedInAYear@7674f035]" started-at="2022-11-07T14:14:38 IST" name="login" finished-at="2022-11-07T14:14:45 IST" duration-ms="6365" status="PASS">
          <reporter-output>
          </reporter-output>
        </test-method> <!-- login -->
        <test-method signature="checkItemsOrderedInAYear()[pri:-1, instance:testNGClasses.VarifyUsernameAdressAfterSignInAndCheckItemsOrderedInAYear@7674f035]" started-at="2022-11-07T14:14:45 IST" name="checkItemsOrderedInAYear" finished-at="2022-11-07T14:14:50 IST" duration-ms="5786" status="PASS">
          <reporter-output>
          </reporter-output>
        </test-method> <!-- checkItemsOrderedInAYear -->
        <test-method is-config="true" signature="logOut(org.testng.ITestResult)[pri:0, instance:testNGClasses.VarifyUsernameAdressAfterSignInAndCheckItemsOrderedInAYear@7674f035]" started-at="2022-11-07T14:14:50 IST" name="logOut" finished-at="2022-11-07T14:14:52 IST" duration-ms="1389" status="PASS">
          <params>
            <param index="0">
              <value>
                <![CDATA[[TestResult name=checkItemsOrderedInAYear status=SUCCESS method=VarifyUsernameAdressAfterSignInAndCheckItemsOrderedInAYear.checkItemsOrderedInAYear()[pri:-1, instance:testNGClasses.VarifyUsernameAdressAfterSignInAndCheckItemsOrderedInAYear@7674f035] output={null}]]]>
              </value>
            </param>
          </params>
          <reporter-output>
          </reporter-output>
        </test-method> <!-- logOut -->
        <test-method is-config="true" signature="login()[pri:0, instance:testNGClasses.VarifyUsernameAdressAfterSignInAndCheckItemsOrderedInAYear@7674f035]" started-at="2022-11-07T14:14:52 IST" name="login" finished-at="2022-11-07T14:14:57 IST" duration-ms="5676" status="PASS">
          <reporter-output>
          </reporter-output>
        </test-method> <!-- login -->
        <test-method signature="VarifyUsernameAfterLogin()[pri:0, instance:testNGClasses.VarifyUsernameAdressAfterSignInAndCheckItemsOrderedInAYear@7674f035]" started-at="2022-11-07T14:14:57 IST" name="VarifyUsernameAfterLogin" finished-at="2022-11-07T14:15:01 IST" duration-ms="3237" status="PASS">
          <reporter-output>
          </reporter-output>
        </test-method> <!-- VarifyUsernameAfterLogin -->
        <test-method is-config="true" signature="logOut(org.testng.ITestResult)[pri:0, instance:testNGClasses.VarifyUsernameAdressAfterSignInAndCheckItemsOrderedInAYear@7674f035]" started-at="2022-11-07T14:15:01 IST" name="logOut" finished-at="2022-11-07T14:15:02 IST" duration-ms="1790" status="PASS">
          <params>
            <param index="0">
              <value>
                <![CDATA[[TestResult name=VarifyUsernameAfterLogin status=SUCCESS method=VarifyUsernameAdressAfterSignInAndCheckItemsOrderedInAYear.VarifyUsernameAfterLogin()[pri:0, instance:testNGClasses.VarifyUsernameAdressAfterSignInAndCheckItemsOrderedInAYear@7674f035] output={null}]]]>
              </value>
            </param>
          </params>
          <reporter-output>
          </reporter-output>
        </test-method> <!-- logOut -->
        <test-method is-config="true" signature="nullobjectReferences()[pri:0, instance:testNGClasses.VarifyUsernameAdressAfterSignInAndCheckItemsOrderedInAYear@7674f035]" started-at="2022-11-07T14:15:02 IST" name="nullobjectReferences" finished-at="2022-11-07T14:15:02 IST" duration-ms="0" status="PASS">
          <reporter-output>
          </reporter-output>
        </test-method> <!-- nullobjectReferences -->
        <test-method is-config="true" signature="closeTheBrowser()[pri:0, instance:testNGClasses.VarifyUsernameAdressAfterSignInAndCheckItemsOrderedInAYear@7674f035]" started-at="2022-11-07T14:16:00 IST" name="closeTheBrowser" finished-at="2022-11-07T14:16:04 IST" duration-ms="4174" status="PASS">
          <reporter-output>
          </reporter-output>
        </test-method> <!-- closeTheBrowser -->
      </class> <!-- testNGClasses.VarifyUsernameAdressAfterSignInAndCheckItemsOrderedInAYear -->
    </test> <!-- ChromeTest -->
  </suite> <!-- RegressionSuit -->
</testng-results>
